-4.54545
-4.54545
-4.54545
-4.54545
-4.54545
-4.54545
-4.54545
-4.54545
-4.54545
-4.54545
-4.54545
-4.54545
-4.54545
-4.54545
-4.54545
-4.54545
-4.54545
-4.54545
-4.54545
-4.54545
-4.54545
-4.09091
-4.09091
-4.09091
-4.09091
-4.09091
-4.09091
-4.09091
-4.09091
-4.09091
-4.09091
-4.09091
-4.09091
-4.09091
-4.09091
-4.09091
-4.09091
-4.09091
-4.09091
-4.09091
-4.09091
-4.09091
-3.63636
-3.63636
-3.63636
-3.63636
-3.63636
-3.63636
-3.63636
-3.63636
-3.63636
-3.63636
-3.63636
-3.63636
-3.63636
-3.63636
-3.63636
-3.63636
-3.63636
-3.63636
-3.63636
-3.63636
-3.63636
-3.18182
-3.18182
-3.18182
-3.18182
-3.18182
-3.18182
-3.18182
-3.18182
-3.18182
-3.18182
-3.18182
-3.18182
-3.18182
-3.18182
-3.18182
-3.18182
-3.18182
-3.18182
-3.18182
-3.18182
-3.18182
-2.72727
-2.72727
-2.72727
-2.72727
-2.72727
-2.72727
-2.72727
-2.72727
-2.72727
-2.72727
-2.72727
-2.72727
-2.72727
-2.72727
-2.72727
-2.72727
-2.72727
-2.72727
-2.72727
-2.72727
-2.72727
-2.27273
-2.27273
-2.27273
-2.27273
-2.27273
-2.27273
-2.27273
-2.27273
-2.27273
-2.27273
-2.27273
-2.27273
-2.27273
-2.27273
-2.27273
-2.27273
-2.27273
-2.27273
-2.27273
-2.27273
-2.27273
-1.81818
-1.81818
-1.81818
-1.81818
-1.81818
-1.81818
-1.81818
-1.81818
-1.81818
-1.81818
-1.81818
-1.81818
-1.81818
-1.81818
-1.81818
-1.81818
-1.81818
-1.81818
-1.81818
-1.81818
-1.81818
-1.36364
-1.36364
-1.36364
-1.36364
-1.36364
-1.36364
-1.36364
-1.36364
-1.36364
-1.36364
-1.36364
-1.36364
-1.36364
-1.36364
-1.36364
-1.36364
-1.36364
-1.36364
-1.36364
-1.36364
-1.36364
-0.909091
-0.909091
-0.909091
-0.909091
-0.909091
-0.909091
-0.909091
-0.909091
-0.909091
-0.909091
-0.909091
-0.909091
-0.909091
-0.909091
-0.909091
-0.909091
-0.909091
-0.909091
-0.909091
-0.909091
-0.909091
-0.454545
-0.454545
-0.454545
-0.454545
-0.454545
-0.454545
-0.454545
-0.454545
-0.454545
-0.454545
-0.454545
-0.454545
-0.454545
-0.454545
-0.454545
-0.454545
-0.454545
-0.454545
-0.454545
-0.454545
-0.454545
0
0
0
0
0
0
0
0
0
0
0
0
0
0
0
0
0
0
0
0
0
0.454545
0.454545
0.454545
0.454545
0.454545
0.454545
0.454545
0.454545
0.454545
0.454545
0.454545
0.454545
0.454545
0.454545
0.454545
0.454545
0.454545
0.454545
0.454545
0.454545
0.454545
0.909091
0.909091
0.909091
0.909091
0.909091
0.909091
0.909091
0.909091
0.909091
0.909091
0.909091
0.909091
0.909091
0.909091
0.909091
0.909091
0.909091
0.909091
0.909091
0.909091
0.909091
1.36364
1.36364
1.36364
1.36364
1.36364
1.36364
1.36364
1.36364
1.36364
1.36364
1.36364
1.36364
1.36364
1.36364
1.36364
1.36364
1.36364
1.36364
1.36364
1.36364
1.36364
1.81818
1.81818
1.81818
1.81818
1.81818
1.81818
1.81818
1.81818
1.81818
1.81818
1.81818
1.81818
1.81818
1.81818
1.81818
1.81818
1.81818
1.81818
1.81818
1.81818
1.81818
2.27273
2.27273
2.27273
2.27273
2.27273
2.27273
2.27273
2.27273
2.27273
2.27273
2.27273
2.27273
2.27273
2.27273
2.27273
2.27273
2.27273
2.27273
2.27273
2.27273
2.27273
2.72727
2.72727
2.72727
2.72727
2.72727
2.72727
2.72727
2.72727
2.72727
2.72727
2.72727
2.72727
2.72727
2.72727
2.72727
2.72727
2.72727
2.72727
2.72727
2.72727
2.72727
3.18182
3.18182
3.18182
3.18182
3.18182
3.18182
3.18182
3.18182
3.18182
3.18182
3.18182
3.18182
3.18182
3.18182
3.18182
3.18182
3.18182
3.18182
3.18182
3.18182
3.18182
3.63636
3.63636
3.63636
3.63636
3.63636
3.63636
3.63636
3.63636
3.63636
3.63636
3.63636
3.63636
3.63636
3.63636
3.63636
3.63636
3.63636
3.63636
3.63636
3.63636
3.63636
4.09091
4.09091
4.09091
4.09091
4.09091
4.09091
4.09091
4.09091
4.09091
4.09091
4.09091
4.09091
4.09091
4.09091
4.09091
4.09091
4.09091
4.09091
4.09091
4.09091
4.09091
4.54545
4.54545
4.54545
4.54545
4.54545
4.54545
4.54545
4.54545
4.54545
4.54545
4.54545
4.54545
4.54545
4.54545
4.54545
4.54545
4.54545
4.54545
4.54545
4.54545
4.54545
